2018-08-22T12:37:41+00:00 CRITICAL Uncaught Error: Call to undefined method WC_Product_Variable::get_permalik() in /Users/lisahornung/Developer/Pelostop/pelostop2/wordpress/wp-content/themes/dt-the7/functions.php:376
Stack trace:
#0 /Users/lisahornung/Developer/Pelostop/pelostop2/wordpress/wp-includes/shortcodes.php(319): get_meta_from_product(Array, '', 'bodypart')
#1 [internal function]: do_shortcode_tag(Array)
#2 /Users/lisahornung/Developer/Pelostop/pelostop2/wordpress/wp-includes/shortcodes.php(197): preg_replace_callback('/\\[(\\[?)(bodypa...', 'do_shortcode_ta...', '[bodypart produ...')
#3 /Users/lisahornung/Developer/Pelostop/pelostop2/wordpress/wp-content/plugins/image-map-pro-wordpress/image-map-pro-wordpress.php(365): do_shortcode('[bodypart produ...')
#4 /Users/lisahornung/Developer/Pelostop/pelostop2/wordpress/wp-content/plugins/image-map-pro-wordpress/image-map-pro-wordpress.php(281): ImageMapPro->sanitize_json_for_save(Array)
#5 /Users/lisahornung/Developer/Pelostop/pelostop2/wordpress/wp-includes/class-wp-hook.php(286): ImageMa

2018-08-22T12:38:16+00:00 CRITICAL Uncaught Error: Call to undefined method WC_Product_Variable::get_permalik() in /Users/lisahornung/Developer/Pelostop/pelostop2/wordpress/wp-content/themes/dt-the7/functions.php:376
Stack trace:
#0 /Users/lisahornung/Developer/Pelostop/pelostop2/wordpress/wp-includes/shortcodes.php(319): get_meta_from_product(Array, '', 'bodypart')
#1 [internal function]: do_shortcode_tag(Array)
#2 /Users/lisahornung/Developer/Pelostop/pelostop2/wordpress/wp-includes/shortcodes.php(197): preg_replace_callback('/\\[(\\[?)(bodypa...', 'do_shortcode_ta...', '[bodypart produ...')
#3 /Users/lisahornung/Developer/Pelostop/pelostop2/wordpress/wp-content/plugins/image-map-pro-wordpress/image-map-pro-wordpress.php(365): do_shortcode('[bodypart produ...')
#4 /Users/lisahornung/Developer/Pelostop/pelostop2/wordpress/wp-content/plugins/image-map-pro-wordpress/image-map-pro-wordpress.php(281): ImageMapPro->sanitize_json_for_save(Array)
#5 /Users/lisahornung/Developer/Pelostop/pelostop2/wordpress/wp-includes/class-wp-hook.php(286): ImageMa

2018-08-22T12:41:29+00:00 CRITICAL Uncaught Error: Call to undefined method WC_Product_Variable::get_permalik() in /Users/lisahornung/Developer/Pelostop/pelostop2/wordpress/wp-content/themes/dt-the7/functions.php:376
Stack trace:
#0 /Users/lisahornung/Developer/Pelostop/pelostop2/wordpress/wp-includes/shortcodes.php(319): get_meta_from_product(Array, '', 'bodypart')
#1 [internal function]: do_shortcode_tag(Array)
#2 /Users/lisahornung/Developer/Pelostop/pelostop2/wordpress/wp-includes/shortcodes.php(197): preg_replace_callback('/\\[(\\[?)(bodypa...', 'do_shortcode_ta...', '[bodypart produ...')
#3 /Users/lisahornung/Developer/Pelostop/pelostop2/wordpress/wp-content/plugins/image-map-pro-wordpress/image-map-pro-wordpress.php(365): do_shortcode('[bodypart produ...')
#4 /Users/lisahornung/Developer/Pelostop/pelostop2/wordpress/wp-content/plugins/image-map-pro-wordpress/image-map-pro-wordpress.php(281): ImageMapPro->sanitize_json_for_save(Array)
#5 /Users/lisahornung/Developer/Pelostop/pelostop2/wordpress/wp-includes/class-wp-hook.php(286): ImageMa

