2018-08-14T14:10:36+00:00 CRITICAL Uncaught Error: Call to undefined function addshortcode() in /Users/lisahornung/Developer/Pelostop/pelostop2/wordpress/wp-content/themes/dt-the7/functions.php:426
Stack trace:
#0 /Users/lisahornung/Developer/Pelostop/pelostop2/wordpress/wp-settings.php(426): include()
#1 /Users/lisahornung/Developer/Pelostop/pelostop2/wordpress/wp-config.php(91): require_once('/Users/lisahorn...')
#2 /Users/lisahornung/Developer/Pelostop/pelostop2/wordpress/wp-load.php(37): require_once('/Users/lisahorn...')
#3 /Users/lisahornung/Developer/Pelostop/pelostop2/wordpress/wp-blog-header.php(13): require_once('/Users/lisahorn...')
#4 /Users/lisahornung/Developer/Pelostop/pelostop2/wordpress/index.php(17): require('/Users/lisahorn...')
#5 {main}
  thrown

2018-08-14T15:28:42+00:00 CRITICAL Uncaught Error: Cannot use object of type WC_Product_Simple as array in /Users/lisahornung/Developer/Pelostop/pelostop2/wordpress/wp-content/themes/dt-the7/functions.php:347
Stack trace:
#0 /Users/lisahornung/Developer/Pelostop/pelostop2/wordpress/wp-includes/class-wp-hook.php(286): get_meta_from_product('')
#1 /Users/lisahornung/Developer/Pelostop/pelostop2/wordpress/wp-includes/class-wp-hook.php(310): WP_Hook->apply_filters(NULL, Array)
#2 /Users/lisahornung/Developer/Pelostop/pelostop2/wordpress/wp-includes/plugin.php(453): WP_Hook->do_action(Array)
#3 /Users/lisahornung/Developer/Pelostop/pelostop2/wordpress/wp-content/plugins/woocommerce/includes/class-woocommerce.php(489): do_action('woocommerce_ini...')
#4 /Users/lisahornung/Developer/Pelostop/pelostop2/wordpress/wp-includes/class-wp-hook.php(286): WooCommerce->init('')
#5 /Users/lisahornung/Developer/Pelostop/pelostop2/wordpress/wp-includes/class-wp-hook.php(310): WP_Hook->apply_filters(NULL, Array)
#6 /Users/lisahornung/Developer/Pelostop/pelostop2/w

2018-08-14T15:29:27+00:00 CRITICAL Uncaught Error: Cannot use object of type WC_Product_Simple as array in /Users/lisahornung/Developer/Pelostop/pelostop2/wordpress/wp-content/themes/dt-the7/functions.php:347
Stack trace:
#0 /Users/lisahornung/Developer/Pelostop/pelostop2/wordpress/wp-includes/class-wp-hook.php(286): get_meta_from_product('')
#1 /Users/lisahornung/Developer/Pelostop/pelostop2/wordpress/wp-includes/class-wp-hook.php(310): WP_Hook->apply_filters(NULL, Array)
#2 /Users/lisahornung/Developer/Pelostop/pelostop2/wordpress/wp-includes/plugin.php(453): WP_Hook->do_action(Array)
#3 /Users/lisahornung/Developer/Pelostop/pelostop2/wordpress/wp-content/plugins/woocommerce/includes/class-woocommerce.php(489): do_action('woocommerce_ini...')
#4 /Users/lisahornung/Developer/Pelostop/pelostop2/wordpress/wp-includes/class-wp-hook.php(286): WooCommerce->init('')
#5 /Users/lisahornung/Developer/Pelostop/pelostop2/wordpress/wp-includes/class-wp-hook.php(310): WP_Hook->apply_filters(NULL, Array)
#6 /Users/lisahornung/Developer/Pelostop/pelostop2/w

2018-08-14T15:40:29+00:00 CRITICAL Uncaught Error: Call to a member function get_price_html() on null in /Users/lisahornung/Developer/Pelostop/pelostop2/wordpress/wp-content/themes/dt-the7/functions.php:348
Stack trace:
#0 /Users/lisahornung/Developer/Pelostop/pelostop2/wordpress/wp-includes/class-wp-hook.php(286): get_meta_from_product('')
#1 /Users/lisahornung/Developer/Pelostop/pelostop2/wordpress/wp-includes/class-wp-hook.php(310): WP_Hook->apply_filters(NULL, Array)
#2 /Users/lisahornung/Developer/Pelostop/pelostop2/wordpress/wp-includes/plugin.php(453): WP_Hook->do_action(Array)
#3 /Users/lisahornung/Developer/Pelostop/pelostop2/wordpress/wp-content/plugins/woocommerce/includes/class-woocommerce.php(489): do_action('woocommerce_ini...')
#4 /Users/lisahornung/Developer/Pelostop/pelostop2/wordpress/wp-includes/class-wp-hook.php(286): WooCommerce->init('')
#5 /Users/lisahornung/Developer/Pelostop/pelostop2/wordpress/wp-includes/class-wp-hook.php(310): WP_Hook->apply_filters(NULL, Array)
#6 /Users/lisahornung/Developer/Pelostop/pelostop2/wor

